Success (16):
content 77068 _a-0000df9d-6819-8000-aae2-01ef9001ef90_45160 "Sample Folder"
content 77069 _a-0000df9d-6819-8000-aae2-01ef9001ef90_45161 "SAMPLE_TEST_1"
content 77070 _a-0000df9d-6819-8000-aae2-01ef9001ef90_45162 "SAMPLE_TEST_2"
content 77071 _a-0000df9d-6819-8000-aae2-01ef9001ef90_45163 "SAMPLE_TEST_3"
content 77072 _a-0000df9d-6819-8000-aae2-01ef9001ef90_45164 "SAMPLE_TEST_4"
content 77073 _a-0000df9d-6819-8000-aae2-01ef9001ef90_45165 "SAMPLE_TEST_5"
content 77074 _a-0000df9d-6819-8000-aae2-01ef9001ef90_45166 "SAMPLE_TEST_6"
content 77075 _a-0000df9d-6819-8000-aae2-01ef9001ef90_45167 "SAMPLE_TEST_7"
content 77076 _a-0000df9d-6819-8000-aae2-01ef9001ef90_45168 "SAMPLE_TEST_8"
content 77077 _a-0000df9d-6819-8000-aae2-01ef9001ef90_45169 "SAMPLE_TEST_9"
content 77421 _a-0000df9d-6819-8000-aae2-01ef9001ef90_45170 "SAMPLE_TEST_10"
content 77870 _a-0000deea-a4a7-8000-3457-01ef9001ef90_84980 "SAMPLE_NAME"
processModelFolder 68 _g-0000df9d-6819-8000-aae2-014d98014d98_109 "test-leave"
processModelFolder 69 _g-0000df9d-6819-8000-aae2-014d98014d98_110 "testfolder"
processModel 4486 0002dfbf-a081-8000-aae2-014d98014d98 "testPM"
application 77079 _a-0000df9d-6819-8000-aae2-01ef9001ef90_45159 "Leave Management System"

Referenced precedents that were not exported (1):
user simranjits simranjits

Trace:
2017-11-28 18:31:54.687 DEBUG application 77079 _a-0000df9d-6819-8000-aae2-01ef9001ef90_45159 Begin transport.
2017-11-28 18:31:54.687 DEBUG application 77079 _a-0000df9d-6819-8000-aae2-01ef9001ef90_45159 Retrieving object data.
2017-11-28 18:31:54.696 DEBUG application 77079 _a-0000df9d-6819-8000-aae2-01ef9001ef90_45159 App associated objects: [content=[_a-0000df9d-6819-8000-aae2-01ef9001ef90_45160, _a-0000df9d-6819-8000-aae2-01ef9001ef90_45161, _a-0000df9d-6819-8000-aae2-01ef9001ef90_45162, _a-0000df9d-6819-8000-aae2-01ef9001ef90_45163, _a-0000df9d-6819-8000-aae2-01ef9001ef90_45164, _a-0000df9d-6819-8000-aae2-01ef9001ef90_45165, _a-0000df9d-6819-8000-aae2-01ef9001ef90_45166, _a-0000df9d-6819-8000-aae2-01ef9001ef90_45167, _a-0000df9d-6819-8000-aae2-01ef9001ef90_45168, _a-0000df9d-6819-8000-aae2-01ef9001ef90_45169, _a-0000df9d-6819-8000-aae2-01ef9001ef90_45170, _a-0000deea-a4a7-8000-3457-01ef9001ef90_84980],processModelFolder=[_g-0000df9d-6819-8000-aae2-014d98014d98_109, _g-0000df9d-6819-8000-aae2-014d98014d98_110],processModel=[0002dfbf-a081-8000-aae2-014d98014d98]]
2017-11-28 18:31:54.699 DEBUG application 77079 _a-0000df9d-6819-8000-aae2-01ef9001ef90_45159 Invalid associated objects: []
2017-11-28 18:31:54.699 DEBUG application 77079 _a-0000df9d-6819-8000-aae2-01ef9001ef90_45159 Adding valid associated objects to be exported: GlobalBindingMap[content={_a-0000df9d-6819-8000-aae2-01ef9001ef90_45160=77068, _a-0000df9d-6819-8000-aae2-01ef9001ef90_45161=77069, _a-0000df9d-6819-8000-aae2-01ef9001ef90_45162=77070, _a-0000df9d-6819-8000-aae2-01ef9001ef90_45163=77071, _a-0000df9d-6819-8000-aae2-01ef9001ef90_45164=77072, _a-0000df9d-6819-8000-aae2-01ef9001ef90_45165=77073, _a-0000df9d-6819-8000-aae2-01ef9001ef90_45166=77074, _a-0000df9d-6819-8000-aae2-01ef9001ef90_45167=77075, _a-0000df9d-6819-8000-aae2-01ef9001ef90_45168=77076, _a-0000df9d-6819-8000-aae2-01ef9001ef90_45169=77077, _a-0000df9d-6819-8000-aae2-01ef9001ef90_45170=77421, _a-0000deea-a4a7-8000-3457-01ef9001ef90_84980=77870},processModelFolder={_g-0000df9d-6819-8000-aae2-014d98014d98_109=68, _g-0000df9d-6819-8000-aae2-014d98014d98_110=69},processModel={0002dfbf-a081-8000-aae2-014d98014d98=4486}]
2017-11-28 18:31:54.699 DEBUG application 77079 _a-0000df9d-6819-8000-aae2-01ef9001ef90_45159 Setting uuids of object references.
2017-11-28 18:31:54.7 DEBUG application 77079 _a-0000df9d-6819-8000-aae2-01ef9001ef90_45159 Processing reference: Application.forum
2017-11-28 18:31:54.701 DEBUG application 77079 _a-0000df9d-6819-8000-aae2-01ef9001ef90_45159 Processing reference: Application.parent
2017-11-28 18:31:54.703 DEBUG application 77079 _a-0000df9d-6819-8000-aae2-01ef9001ef90_45159 Processing reference: com.appiancorp.suiteapi.content.ContentRoleMap@39b490a2[
  ContentRole[name=readers,inherit=false,allowForAll=false]
  ContentRole[name=authors,inherit=false,allowForAll=false]
  ContentRole[name=administrators,usernames=[simranjits],inherit=false,allowForAll=false]
  ContentRole[name=denyReaders,inherit=false,allowForAll=false]
  ContentRole[name=denyAuthors,inherit=false,allowForAll=false]
  ContentRole[name=denyAdministrators,inherit=false,allowForAll=false]
  securityVector=129:SEC_PUBLIC=true,SEC_CREATOR_ADMIN=true,SEC_INH_ADMIN=false,SEC_INH_EDITOR=false,SEC_INH_VIEWER=false,SEC_ALL_ADMIN=false,SEC_ALL_EDITOR=false,SEC_ALL_VIEWER=false
]
2017-11-28 18:31:54.703 DEBUG application 77079 _a-0000df9d-6819-8000-aae2-01ef9001ef90_45159 Processing reference: ContentRole[name=readers,inherit=false,allowForAll=false]
2017-11-28 18:31:54.703 DEBUG application 77079 _a-0000df9d-6819-8000-aae2-01ef9001ef90_45159 Processing reference: ContentRole[name=authors,inherit=false,allowForAll=false]
2017-11-28 18:31:54.703 DEBUG application 77079 _a-0000df9d-6819-8000-aae2-01ef9001ef90_45159 Processing reference: ContentRole[name=administrators,usernames=[simranjits],inherit=false,allowForAll=false]
2017-11-28 18:31:54.704 DEBUG application 77079 _a-0000df9d-6819-8000-aae2-01ef9001ef90_45159 Processing reference: ContentRole[name=denyReaders,inherit=false,allowForAll=false]
2017-11-28 18:31:54.704 DEBUG application 77079 _a-0000df9d-6819-8000-aae2-01ef9001ef90_45159 Processing reference: ContentRole[name=denyAuthors,inherit=false,allowForAll=false]
2017-11-28 18:31:54.704 DEBUG application 77079 _a-0000df9d-6819-8000-aae2-01ef9001ef90_45159 Processing reference: ContentRole[name=denyAdministrators,inherit=false,allowForAll=false]
2017-11-28 18:31:54.706 DEBUG content 77068 _a-0000df9d-6819-8000-aae2-01ef9001ef90_45160 Begin transport.
2017-11-28 18:31:54.706 DEBUG content 77068 _a-0000df9d-6819-8000-aae2-01ef9001ef90_45160 Retrieving object data.
2017-11-28 18:31:54.71 DEBUG content 77068 _a-0000df9d-6819-8000-aae2-01ef9001ef90_45160 Setting uuids of object references.
2017-11-28 18:31:54.71 DEBUG content 77068 _a-0000df9d-6819-8000-aae2-01ef9001ef90_45160 Processing reference: RulesFolder.forum
2017-11-28 18:31:54.711 DEBUG content 77068 _a-0000df9d-6819-8000-aae2-01ef9001ef90_45160 Processing reference: RulesFolder.parent
2017-11-28 18:31:54.712 DEBUG content 77068 _a-0000df9d-6819-8000-aae2-01ef9001ef90_45160 Processing reference: com.appiancorp.suiteapi.content.ContentRoleMap@19dcd7b0[
  ContentRole[name=readers,inherit=true,allowForAll=false]
  ContentRole[name=authors,inherit=true,allowForAll=false]
  ContentRole[name=administrators,inherit=true,allowForAll=false]
  ContentRole[name=denyReaders,inherit=false,allowForAll=false]
  ContentRole[name=denyAuthors,inherit=false,allowForAll=false]
  ContentRole[name=denyAdministrators,inherit=false,allowForAll=false]
  securityVector=15:SEC_PUBLIC=true,SEC_CREATOR_ADMIN=false,SEC_INH_ADMIN=true,SEC_INH_EDITOR=true,SEC_INH_VIEWER=true,SEC_ALL_ADMIN=false,SEC_ALL_EDITOR=false,SEC_ALL_VIEWER=false
]
2017-11-28 18:31:54.712 DEBUG content 77068 _a-0000df9d-6819-8000-aae2-01ef9001ef90_45160 Processing reference: ContentRole[name=readers,inherit=true,allowForAll=false]
2017-11-28 18:31:54.712 DEBUG content 77068 _a-0000df9d-6819-8000-aae2-01ef9001ef90_45160 Processing reference: ContentRole[name=authors,inherit=true,allowForAll=false]
2017-11-28 18:31:54.712 DEBUG content 77068 _a-0000df9d-6819-8000-aae2-01ef9001ef90_45160 Processing reference: ContentRole[name=administrators,inherit=true,allowForAll=false]
2017-11-28 18:31:54.712 DEBUG content 77068 _a-0000df9d-6819-8000-aae2-01ef9001ef90_45160 Processing reference: ContentRole[name=denyReaders,inherit=false,allowForAll=false]
2017-11-28 18:31:54.712 DEBUG content 77068 _a-0000df9d-6819-8000-aae2-01ef9001ef90_45160 Processing reference: ContentRole[name=denyAuthors,inherit=false,allowForAll=false]
2017-11-28 18:31:54.712 DEBUG content 77068 _a-0000df9d-6819-8000-aae2-01ef9001ef90_45160 Processing reference: ContentRole[name=denyAdministrators,inherit=false,allowForAll=false]
2017-11-28 18:31:54.712 DEBUG content 77068 _a-0000df9d-6819-8000-aae2-01ef9001ef90_45160 Completing produce.
2017-11-28 18:31:54.712 DEBUG content 77068 _a-0000df9d-6819-8000-aae2-01ef9001ef90_45160 Exporting binary resources.
2017-11-28 18:31:54.712 DEBUG content 77068 _a-0000df9d-6819-8000-aae2-01ef9001ef90_45160 Serializing object to XML.
2017-11-28 18:31:54.712 DEBUG content 77068 _a-0000df9d-6819-8000-aae2-01ef9001ef90_45160 Object transported.
2017-11-28 18:31:54.712 DEBUG content 77069 _a-0000df9d-6819-8000-aae2-01ef9001ef90_45161 Begin transport.
2017-11-28 18:31:54.712 DEBUG content 77069 _a-0000df9d-6819-8000-aae2-01ef9001ef90_45161 Retrieving object data.
2017-11-28 18:31:54.716 DEBUG content 77069 _a-0000df9d-6819-8000-aae2-01ef9001ef90_45161 Setting uuids of object references.
2017-11-28 18:31:54.716 DEBUG content 77069 _a-0000df9d-6819-8000-aae2-01ef9001ef90_45161 Processing reference: [Content:id=77069,versionId=-1,name=SAMPLE_TEST_1,description=SAMPLE_TEST_1,type=32,subtype=0,uuid=_a-0000df9d-6819-8000-aae2-01ef9001ef90_45161,parent=77068,parentName=Sample Folder,parentType=2,log=77069,logName=SAMPLE_TEST_1,state=255,visibility=35,security=15,creator=simranjits,createdTimestamp=2017-11-14 20:58:47.0,updatedTimestamp=2017-11-14 20:58:47.0,size=0,lockedBy=,changesRequireApproval=false,attributes={system=0, hidden=0, ruletype=0, multiple=0, isEnvironmentSpecific=false, value=null, returnType=1},partition=3,partitionName=/usr/local/appian/_admin/accdocs3]
2017-11-28 18:31:54.716 DEBUG content 77069 _a-0000df9d-6819-8000-aae2-01ef9001ef90_45161 Processing reference: Constant.forum
2017-11-28 18:31:54.716 DEBUG content 77069 _a-0000df9d-6819-8000-aae2-01ef9001ef90_45161 Processing reference: Constant.parent
2017-11-28 18:31:54.718 DEBUG content 77069 _a-0000df9d-6819-8000-aae2-01ef9001ef90_45161 Processing reference: com.appiancorp.suiteapi.content.ContentRoleMap@579b2c6a[
  ContentRole[name=readers,inherit=true,allowForAll=false]
  ContentRole[name=authors,inherit=true,allowForAll=false]
  ContentRole[name=administrators,inherit=true,allowForAll=false]
  ContentRole[name=denyReaders,inherit=false,allowForAll=false]
  ContentRole[name=denyAuthors,inherit=false,allowForAll=false]
  ContentRole[name=denyAdministrators,inherit=false,allowForAll=false]
  securityVector=15:SEC_PUBLIC=true,SEC_CREATOR_ADMIN=false,SEC_INH_ADMIN=true,SEC_INH_EDITOR=true,SEC_INH_VIEWER=true,SEC_ALL_ADMIN=false,SEC_ALL_EDITOR=false,SEC_ALL_VIEWER=false
]
2017-11-28 18:31:54.718 DEBUG content 77069 _a-0000df9d-6819-8000-aae2-01ef9001ef90_45161 Processing reference: ContentRole[name=readers,inherit=true,allowForAll=false]
2017-11-28 18:31:54.718 DEBUG content 77069 _a-0000df9d-6819-8000-aae2-01ef9001ef90_45161 Processing reference: ContentRole[name=authors,inherit=true,allowForAll=false]
2017-11-28 18:31:54.718 DEBUG content 77069 _a-0000df9d-6819-8000-aae2-01ef9001ef90_45161 Processing reference: ContentRole[name=administrators,inherit=true,allowForAll=false]
2017-11-28 18:31:54.718 DEBUG content 77069 _a-0000df9d-6819-8000-aae2-01ef9001ef90_45161 Processing reference: ContentRole[name=denyReaders,inherit=false,allowForAll=false]
2017-11-28 18:31:54.718 DEBUG content 77069 _a-0000df9d-6819-8000-aae2-01ef9001ef90_45161 Processing reference: ContentRole[name=denyAuthors,inherit=false,allowForAll=false]
2017-11-28 18:31:54.718 DEBUG content 77069 _a-0000df9d-6819-8000-aae2-01ef9001ef90_45161 Processing reference: ContentRole[name=denyAdministrators,inherit=false,allowForAll=false]
2017-11-28 18:31:54.718 DEBUG content 77069 _a-0000df9d-6819-8000-aae2-01ef9001ef90_45161 Completing produce.
2017-11-28 18:31:54.718 DEBUG content 77069 _a-0000df9d-6819-8000-aae2-01ef9001ef90_45161 Exporting binary resources.
2017-11-28 18:31:54.718 DEBUG content 77069 _a-0000df9d-6819-8000-aae2-01ef9001ef90_45161 Serializing object to XML.
2017-11-28 18:31:54.719 DEBUG content 77069 _a-0000df9d-6819-8000-aae2-01ef9001ef90_45161 Object transported.
2017-11-28 18:31:54.719 DEBUG content 77070 _a-0000df9d-6819-8000-aae2-01ef9001ef90_45162 Begin transport.
2017-11-28 18:31:54.719 DEBUG content 77070 _a-0000df9d-6819-8000-aae2-01ef9001ef90_45162 Retrieving object data.
2017-11-28 18:31:54.723 DEBUG content 77070 _a-0000df9d-6819-8000-aae2-01ef9001ef90_45162 Setting uuids of object references.
2017-11-28 18:31:54.723 DEBUG content 77070 _a-0000df9d-6819-8000-aae2-01ef9001ef90_45162 Processing reference: [Content:id=77070,versionId=-1,name=SAMPLE_TEST_2,description=SAMPLE_TEST_2,type=32,subtype=0,uuid=_a-0000df9d-6819-8000-aae2-01ef9001ef90_45162,parent=77068,parentName=Sample Folder,parentType=2,log=77070,logName=SAMPLE_TEST_2,state=255,visibility=35,security=15,creator=simranjits,createdTimestamp=2017-11-14 20:58:47.0,updatedTimestamp=2017-11-14 20:58:47.0,size=0,lockedBy=,changesRequireApproval=false,attributes={system=0, hidden=0, ruletype=0, multiple=0, isEnvironmentSpecific=false, value=null, returnType=1},partition=1,partitionName=/usr/local/appian/_admin/accdocs1]
2017-11-28 18:31:54.723 DEBUG content 77070 _a-0000df9d-6819-8000-aae2-01ef9001ef90_45162 Processing reference: Constant.forum
2017-11-28 18:31:54.723 DEBUG content 77070 _a-0000df9d-6819-8000-aae2-01ef9001ef90_45162 Processing reference: Constant.parent
2017-11-28 18:31:54.724 DEBUG content 77070 _a-0000df9d-6819-8000-aae2-01ef9001ef90_45162 Processing reference: com.appiancorp.suiteapi.content.ContentRoleMap@5855420f[
  ContentRole[name=readers,inherit=true,allowForAll=false]
  ContentRole[name=authors,inherit=true,allowForAll=false]
  ContentRole[name=administrators,inherit=true,allowForAll=false]
  ContentRole[name=denyReaders,inherit=false,allowForAll=false]
  ContentRole[name=denyAuthors,inherit=false,allowForAll=false]
  ContentRole[name=denyAdministrators,inherit=false,allowForAll=false]
  securityVector=15:SEC_PUBLIC=true,SEC_CREATOR_ADMIN=false,SEC_INH_ADMIN=true,SEC_INH_EDITOR=true,SEC_INH_VIEWER=true,SEC_ALL_ADMIN=false,SEC_ALL_EDITOR=false,SEC_ALL_VIEWER=false
]
2017-11-28 18:31:54.724 DEBUG content 77070 _a-0000df9d-6819-8000-aae2-01ef9001ef90_45162 Processing reference: ContentRole[name=readers,inherit=true,allowForAll=false]
2017-11-28 18:31:54.724 DEBUG content 77070 _a-0000df9d-6819-8000-aae2-01ef9001ef90_45162 Processing reference: ContentRole[name=authors,inherit=true,allowForAll=false]
2017-11-28 18:31:54.724 DEBUG content 77070 _a-0000df9d-6819-8000-aae2-01ef9001ef90_45162 Processing reference: ContentRole[name=administrators,inherit=true,allowForAll=false]
2017-11-28 18:31:54.724 DEBUG content 77070 _a-0000df9d-6819-8000-aae2-01ef9001ef90_45162 Processing reference: ContentRole[name=denyReaders,inherit=false,allowForAll=false]
2017-11-28 18:31:54.724 DEBUG content 77070 _a-0000df9d-6819-8000-aae2-01ef9001ef90_45162 Processing reference: ContentRole[name=denyAuthors,inherit=false,allowForAll=false]
2017-11-28 18:31:54.724 DEBUG content 77070 _a-0000df9d-6819-8000-aae2-01ef9001ef90_45162 Processing reference: ContentRole[name=denyAdministrators,inherit=false,allowForAll=false]
2017-11-28 18:31:54.724 DEBUG content 77070 _a-0000df9d-6819-8000-aae2-01ef9001ef90_45162 Completing produce.
2017-11-28 18:31:54.724 DEBUG content 77070 _a-0000df9d-6819-8000-aae2-01ef9001ef90_45162 Exporting binary resources.
2017-11-28 18:31:54.724 DEBUG content 77070 _a-0000df9d-6819-8000-aae2-01ef9001ef90_45162 Serializing object to XML.
2017-11-28 18:31:54.725 DEBUG content 77070 _a-0000df9d-6819-8000-aae2-01ef9001ef90_45162 Object transported.
2017-11-28 18:31:54.725 DEBUG content 77071 _a-0000df9d-6819-8000-aae2-01ef9001ef90_45163 Begin transport.
2017-11-28 18:31:54.725 DEBUG content 77071 _a-0000df9d-6819-8000-aae2-01ef9001ef90_45163 Retrieving object data.
2017-11-28 18:31:54.729 DEBUG content 77071 _a-0000df9d-6819-8000-aae2-01ef9001ef90_45163 Setting uuids of object references.
2017-11-28 18:31:54.729 DEBUG content 77071 _a-0000df9d-6819-8000-aae2-01ef9001ef90_45163 Processing reference: [Content:id=77071,versionId=-1,name=SAMPLE_TEST_3,description=SAMPLE_TEST_3,type=32,subtype=0,uuid=_a-0000df9d-6819-8000-aae2-01ef9001ef90_45163,parent=77068,parentName=Sample Folder,parentType=2,log=77071,logName=SAMPLE_TEST_3,state=255,visibility=35,security=15,creator=simranjits,createdTimestamp=2017-11-14 20:58:47.0,updatedTimestamp=2017-11-14 20:58:47.0,size=0,lockedBy=,changesRequireApproval=false,attributes={system=0, hidden=0, ruletype=0, multiple=0, isEnvironmentSpecific=false, value=null, returnType=1},partition=2,partitionName=/usr/local/appian/_admin/accdocs2]
2017-11-28 18:31:54.729 DEBUG content 77071 _a-0000df9d-6819-8000-aae2-01ef9001ef90_45163 Processing reference: Constant.forum
2017-11-28 18:31:54.729 DEBUG content 77071 _a-0000df9d-6819-8000-aae2-01ef9001ef90_45163 Processing reference: Constant.parent
2017-11-28 18:31:54.73 DEBUG content 77071 _a-0000df9d-6819-8000-aae2-01ef9001ef90_45163 Processing reference: com.appiancorp.suiteapi.content.ContentRoleMap@8456486[
  ContentRole[name=readers,inherit=true,allowForAll=false]
  ContentRole[name=authors,inherit=true,allowForAll=false]
  ContentRole[name=administrators,inherit=true,allowForAll=false]
  ContentRole[name=denyReaders,inherit=false,allowForAll=false]
  ContentRole[name=denyAuthors,inherit=false,allowForAll=false]
  ContentRole[name=denyAdministrators,inherit=false,allowForAll=false]
  securityVector=15:SEC_PUBLIC=true,SEC_CREATOR_ADMIN=false,SEC_INH_ADMIN=true,SEC_INH_EDITOR=true,SEC_INH_VIEWER=true,SEC_ALL_ADMIN=false,SEC_ALL_EDITOR=false,SEC_ALL_VIEWER=false
]
2017-11-28 18:31:54.73 DEBUG content 77071 _a-0000df9d-6819-8000-aae2-01ef9001ef90_45163 Processing reference: ContentRole[name=readers,inherit=true,allowForAll=false]
2017-11-28 18:31:54.73 DEBUG content 77071 _a-0000df9d-6819-8000-aae2-01ef9001ef90_45163 Processing reference: ContentRole[name=authors,inherit=true,allowForAll=false]
2017-11-28 18:31:54.73 DEBUG content 77071 _a-0000df9d-6819-8000-aae2-01ef9001ef90_45163 Processing reference: ContentRole[name=administrators,inherit=true,allowForAll=false]
2017-11-28 18:31:54.73 DEBUG content 77071 _a-0000df9d-6819-8000-aae2-01ef9001ef90_45163 Processing reference: ContentRole[name=denyReaders,inherit=false,allowForAll=false]
2017-11-28 18:31:54.73 DEBUG content 77071 _a-0000df9d-6819-8000-aae2-01ef9001ef90_45163 Processing reference: ContentRole[name=denyAuthors,inherit=false,allowForAll=false]
2017-11-28 18:31:54.73 DEBUG content 77071 _a-0000df9d-6819-8000-aae2-01ef9001ef90_45163 Processing reference: ContentRole[name=denyAdministrators,inherit=false,allowForAll=false]
2017-11-28 18:31:54.73 DEBUG content 77071 _a-0000df9d-6819-8000-aae2-01ef9001ef90_45163 Completing produce.
2017-11-28 18:31:54.73 DEBUG content 77071 _a-0000df9d-6819-8000-aae2-01ef9001ef90_45163 Exporting binary resources.
2017-11-28 18:31:54.73 DEBUG content 77071 _a-0000df9d-6819-8000-aae2-01ef9001ef90_45163 Serializing object to XML.
2017-11-28 18:31:54.732 DEBUG content 77071 _a-0000df9d-6819-8000-aae2-01ef9001ef90_45163 Object transported.
2017-11-28 18:31:54.732 DEBUG content 77072 _a-0000df9d-6819-8000-aae2-01ef9001ef90_45164 Begin transport.
2017-11-28 18:31:54.732 DEBUG content 77072 _a-0000df9d-6819-8000-aae2-01ef9001ef90_45164 Retrieving object data.
2017-11-28 18:31:54.735 DEBUG content 77072 _a-0000df9d-6819-8000-aae2-01ef9001ef90_45164 Setting uuids of object references.
2017-11-28 18:31:54.735 DEBUG content 77072 _a-0000df9d-6819-8000-aae2-01ef9001ef90_45164 Processing reference: [Content:id=77072,versionId=-1,name=SAMPLE_TEST_4,description=SAMPLE_TEST_4,type=32,subtype=0,uuid=_a-0000df9d-6819-8000-aae2-01ef9001ef90_45164,parent=77068,parentName=Sample Folder,parentType=2,log=77072,logName=SAMPLE_TEST_4,state=255,visibility=35,security=15,creator=simranjits,createdTimestamp=2017-11-14 20:58:47.0,updatedTimestamp=2017-11-14 20:58:47.0,size=0,lockedBy=,changesRequireApproval=false,attributes={system=0, hidden=0, ruletype=0, multiple=0, isEnvironmentSpecific=false, value=null, returnType=1},partition=3,partitionName=/usr/local/appian/_admin/accdocs3]
2017-11-28 18:31:54.735 DEBUG content 77072 _a-0000df9d-6819-8000-aae2-01ef9001ef90_45164 Processing reference: Constant.forum
2017-11-28 18:31:54.736 DEBUG content 77072 _a-0000df9d-6819-8000-aae2-01ef9001ef90_45164 Processing reference: Constant.parent
2017-11-28 18:31:54.737 DEBUG content 77072 _a-0000df9d-6819-8000-aae2-01ef9001ef90_45164 Processing reference: com.appiancorp.suiteapi.content.ContentRoleMap@6a23eae8[
  ContentRole[name=readers,inherit=true,allowForAll=false]
  ContentRole[name=authors,inherit=true,allowForAll=false]
  ContentRole[name=administrators,inherit=true,allowForAll=false]
  ContentRole[name=denyReaders,inherit=false,allowForAll=false]
  ContentRole[name=denyAuthors,inherit=false,allowForAll=false]
  ContentRole[name=denyAdministrators,inherit=false,allowForAll=false]
  securityVector=15:SEC_PUBLIC=true,SEC_CREATOR_ADMIN=false,SEC_INH_ADMIN=true,SEC_INH_EDITOR=true,SEC_INH_VIEWER=true,SEC_ALL_ADMIN=false,SEC_ALL_EDITOR=false,SEC_ALL_VIEWER=false
]
2017-11-28 18:31:54.737 DEBUG content 77072 _a-0000df9d-6819-8000-aae2-01ef9001ef90_45164 Processing reference: ContentRole[name=readers,inherit=true,allowForAll=false]
2017-11-28 18:31:54.737 DEBUG content 77072 _a-0000df9d-6819-8000-aae2-01ef9001ef90_45164 Processing reference: ContentRole[name=authors,inherit=true,allowForAll=false]
2017-11-28 18:31:54.737 DEBUG content 77072 _a-0000df9d-6819-8000-aae2-01ef9001ef90_45164 Processing reference: ContentRole[name=administrators,inherit=true,allowForAll=false]
2017-11-28 18:31:54.737 DEBUG content 77072 _a-0000df9d-6819-8000-aae2-01ef9001ef90_45164 Processing reference: ContentRole[name=denyReaders,inherit=false,allowForAll=false]
2017-11-28 18:31:54.737 DEBUG content 77072 _a-0000df9d-6819-8000-aae2-01ef9001ef90_45164 Processing reference: ContentRole[name=denyAuthors,inherit=false,allowForAll=false]
2017-11-28 18:31:54.737 DEBUG content 77072 _a-0000df9d-6819-8000-aae2-01ef9001ef90_45164 Processing reference: ContentRole[name=denyAdministrators,inherit=false,allowForAll=false]
2017-11-28 18:31:54.737 DEBUG content 77072 _a-0000df9d-6819-8000-aae2-01ef9001ef90_45164 Completing produce.
2017-11-28 18:31:54.737 DEBUG content 77072 _a-0000df9d-6819-8000-aae2-01ef9001ef90_45164 Exporting binary resources.
2017-11-28 18:31:54.737 DEBUG content 77072 _a-0000df9d-6819-8000-aae2-01ef9001ef90_45164 Serializing object to XML.
2017-11-28 18:31:54.738 DEBUG content 77072 _a-0000df9d-6819-8000-aae2-01ef9001ef90_45164 Object transported.
2017-11-28 18:31:54.738 DEBUG content 77073 _a-0000df9d-6819-8000-aae2-01ef9001ef90_45165 Begin transport.
2017-11-28 18:31:54.738 DEBUG content 77073 _a-0000df9d-6819-8000-aae2-01ef9001ef90_45165 Retrieving object data.
2017-11-28 18:31:54.742 DEBUG content 77073 _a-0000df9d-6819-8000-aae2-01ef9001ef90_45165 Setting uuids of object references.
2017-11-28 18:31:54.742 DEBUG content 77073 _a-0000df9d-6819-8000-aae2-01ef9001ef90_45165 Processing reference: [Content:id=77073,versionId=-1,name=SAMPLE_TEST_5,description=SAMPLE_TEST_5,type=32,subtype=0,uuid=_a-0000df9d-6819-8000-aae2-01ef9001ef90_45165,parent=77068,parentName=Sample Folder,parentType=2,log=77073,logName=SAMPLE_TEST_5,state=255,visibility=35,security=15,creator=simranjits,createdTimestamp=2017-11-14 20:58:48.0,updatedTimestamp=2017-11-14 20:58:48.0,size=0,lockedBy=,changesRequireApproval=false,attributes={system=0, hidden=0, ruletype=0, multiple=0, isEnvironmentSpecific=false, value=null, returnType=1},partition=1,partitionName=/usr/local/appian/_admin/accdocs1]
2017-11-28 18:31:54.742 DEBUG content 77073 _a-0000df9d-6819-8000-aae2-01ef9001ef90_45165 Processing reference: Constant.forum
2017-11-28 18:31:54.742 DEBUG content 77073 _a-0000df9d-6819-8000-aae2-01ef9001ef90_45165 Processing reference: Constant.parent
2017-11-28 18:31:54.743 DEBUG content 77073 _a-0000df9d-6819-8000-aae2-01ef9001ef90_45165 Processing reference: com.appiancorp.suiteapi.content.ContentRoleMap@55530351[
  ContentRole[name=readers,inherit=true,allowForAll=false]
  ContentRole[name=authors,inherit=true,allowForAll=false]
  ContentRole[name=administrators,inherit=true,allowForAll=false]
  ContentRole[name=denyReaders,inherit=false,allowForAll=false]
  ContentRole[name=denyAuthors,inherit=false,allowForAll=false]
  ContentRole[name=denyAdministrators,inherit=false,allowForAll=false]
  securityVector=15:SEC_PUBLIC=true,SEC_CREATOR_ADMIN=false,SEC_INH_ADMIN=true,SEC_INH_EDITOR=true,SEC_INH_VIEWER=true,SEC_ALL_ADMIN=false,SEC_ALL_EDITOR=false,SEC_ALL_VIEWER=false
]
2017-11-28 18:31:54.743 DEBUG content 77073 _a-0000df9d-6819-8000-aae2-01ef9001ef90_45165 Processing reference: ContentRole[name=readers,inherit=true,allowForAll=false]
2017-11-28 18:31:54.743 DEBUG content 77073 _a-0000df9d-6819-8000-aae2-01ef9001ef90_45165 Processing reference: ContentRole[name=authors,inherit=true,allowForAll=false]
2017-11-28 18:31:54.743 DEBUG content 77073 _a-0000df9d-6819-8000-aae2-01ef9001ef90_45165 Processing reference: ContentRole[name=administrators,inherit=true,allowForAll=false]
2017-11-28 18:31:54.743 DEBUG content 77073 _a-0000df9d-6819-8000-aae2-01ef9001ef90_45165 Processing reference: ContentRole[name=denyReaders,inherit=false,allowForAll=false]
2017-11-28 18:31:54.743 DEBUG content 77073 _a-0000df9d-6819-8000-aae2-01ef9001ef90_45165 Processing reference: ContentRole[name=denyAuthors,inherit=false,allowForAll=false]
2017-11-28 18:31:54.743 DEBUG content 77073 _a-0000df9d-6819-8000-aae2-01ef9001ef90_45165 Processing reference: ContentRole[name=denyAdministrators,inherit=false,allowForAll=false]
2017-11-28 18:31:54.743 DEBUG content 77073 _a-0000df9d-6819-8000-aae2-01ef9001ef90_45165 Completing produce.
2017-11-28 18:31:54.743 DEBUG content 77073 _a-0000df9d-6819-8000-aae2-01ef9001ef90_45165 Exporting binary resources.
2017-11-28 18:31:54.743 DEBUG content 77073 _a-0000df9d-6819-8000-aae2-01ef9001ef90_45165 Serializing object to XML.
2017-11-28 18:31:54.745 DEBUG content 77073 _a-0000df9d-6819-8000-aae2-01ef9001ef90_45165 Object transported.
2017-11-28 18:31:54.745 DEBUG content 77074 _a-0000df9d-6819-8000-aae2-01ef9001ef90_45166 Begin transport.
2017-11-28 18:31:54.745 DEBUG content 77074 _a-0000df9d-6819-8000-aae2-01ef9001ef90_45166 Retrieving object data.
2017-11-28 18:31:54.748 DEBUG content 77074 _a-0000df9d-6819-8000-aae2-01ef9001ef90_45166 Setting uuids of object references.
2017-11-28 18:31:54.748 DEBUG content 77074 _a-0000df9d-6819-8000-aae2-01ef9001ef90_45166 Processing reference: [Content:id=77074,versionId=-1,name=SAMPLE_TEST_6,description=SAMPLE_TEST_6,type=32,subtype=0,uuid=_a-0000df9d-6819-8000-aae2-01ef9001ef90_45166,parent=77068,parentName=Sample Folder,parentType=2,log=77074,logName=SAMPLE_TEST_6,state=255,visibility=35,security=15,creator=simranjits,createdTimestamp=2017-11-14 20:58:48.0,updatedTimestamp=2017-11-14 20:58:48.0,size=0,lockedBy=,changesRequireApproval=false,attributes={system=0, hidden=0, ruletype=0, multiple=0, isEnvironmentSpecific=false, value=null, returnType=1},partition=2,partitionName=/usr/local/appian/_admin/accdocs2]
2017-11-28 18:31:54.748 DEBUG content 77074 _a-0000df9d-6819-8000-aae2-01ef9001ef90_45166 Processing reference: Constant.forum
2017-11-28 18:31:54.749 DEBUG content 77074 _a-0000df9d-6819-8000-aae2-01ef9001ef90_45166 Processing reference: Constant.parent
2017-11-28 18:31:54.75 DEBUG content 77074 _a-0000df9d-6819-8000-aae2-01ef9001ef90_45166 Processing reference: com.appiancorp.suiteapi.content.ContentRoleMap@36102795[
  ContentRole[name=readers,inherit=true,allowForAll=false]
  ContentRole[name=authors,inherit=true,allowForAll=false]
  ContentRole[name=administrators,inherit=true,allowForAll=false]
  ContentRole[name=denyReaders,inherit=false,allowForAll=false]
  ContentRole[name=denyAuthors,inherit=false,allowForAll=false]
  ContentRole[name=denyAdministrators,inherit=false,allowForAll=false]
  securityVector=15:SEC_PUBLIC=true,SEC_CREATOR_ADMIN=false,SEC_INH_ADMIN=true,SEC_INH_EDITOR=true,SEC_INH_VIEWER=true,SEC_ALL_ADMIN=false,SEC_ALL_EDITOR=false,SEC_ALL_VIEWER=false
]
2017-11-28 18:31:54.75 DEBUG content 77074 _a-0000df9d-6819-8000-aae2-01ef9001ef90_45166 Processing reference: ContentRole[name=readers,inherit=true,allowForAll=false]
2017-11-28 18:31:54.75 DEBUG content 77074 _a-0000df9d-6819-8000-aae2-01ef9001ef90_45166 Processing reference: ContentRole[name=authors,inherit=true,allowForAll=false]
2017-11-28 18:31:54.75 DEBUG content 77074 _a-0000df9d-6819-8000-aae2-01ef9001ef90_45166 Processing reference: ContentRole[name=administrators,inherit=true,allowForAll=false]
2017-11-28 18:31:54.75 DEBUG content 77074 _a-0000df9d-6819-8000-aae2-01ef9001ef90_45166 Processing reference: ContentRole[name=denyReaders,inherit=false,allowForAll=false]
2017-11-28 18:31:54.75 DEBUG content 77074 _a-0000df9d-6819-8000-aae2-01ef9001ef90_45166 Processing reference: ContentRole[name=denyAuthors,inherit=false,allowForAll=false]
2017-11-28 18:31:54.75 DEBUG content 77074 _a-0000df9d-6819-8000-aae2-01ef9001ef90_45166 Processing reference: ContentRole[name=denyAdministrators,inherit=false,allowForAll=false]
2017-11-28 18:31:54.75 DEBUG content 77074 _a-0000df9d-6819-8000-aae2-01ef9001ef90_45166 Completing produce.
2017-11-28 18:31:54.75 DEBUG content 77074 _a-0000df9d-6819-8000-aae2-01ef9001ef90_45166 Exporting binary resources.
2017-11-28 18:31:54.75 DEBUG content 77074 _a-0000df9d-6819-8000-aae2-01ef9001ef90_45166 Serializing object to XML.
2017-11-28 18:31:54.751 DEBUG content 77074 _a-0000df9d-6819-8000-aae2-01ef9001ef90_45166 Object transported.
2017-11-28 18:31:54.751 DEBUG content 77075 _a-0000df9d-6819-8000-aae2-01ef9001ef90_45167 Begin transport.
2017-11-28 18:31:54.751 DEBUG content 77075 _a-0000df9d-6819-8000-aae2-01ef9001ef90_45167 Retrieving object data.
2017-11-28 18:31:54.755 DEBUG content 77075 _a-0000df9d-6819-8000-aae2-01ef9001ef90_45167 Setting uuids of object references.
2017-11-28 18:31:54.755 DEBUG content 77075 _a-0000df9d-6819-8000-aae2-01ef9001ef90_45167 Processing reference: [Content:id=77075,versionId=-1,name=SAMPLE_TEST_7,description=SAMPLE_TEST_7,type=32,subtype=0,uuid=_a-0000df9d-6819-8000-aae2-01ef9001ef90_45167,parent=77068,parentName=Sample Folder,parentType=2,log=77075,logName=SAMPLE_TEST_7,state=255,visibility=35,security=15,creator=simranjits,createdTimestamp=2017-11-14 20:58:48.0,updatedTimestamp=2017-11-14 20:58:48.0,size=0,lockedBy=,changesRequireApproval=false,attributes={system=0, hidden=0, ruletype=0, multiple=0, isEnvironmentSpecific=false, value=null, returnType=1},partition=3,partitionName=/usr/local/appian/_admin/accdocs3]
2017-11-28 18:31:54.755 DEBUG content 77075 _a-0000df9d-6819-8000-aae2-01ef9001ef90_45167 Processing reference: Constant.forum
2017-11-28 18:31:54.755 DEBUG content 77075 _a-0000df9d-6819-8000-aae2-01ef9001ef90_45167 Processing reference: Constant.parent
2017-11-28 18:31:54.756 DEBUG content 77075 _a-0000df9d-6819-8000-aae2-01ef9001ef90_45167 Processing reference: com.appiancorp.suiteapi.content.ContentRoleMap@21e63839[
  ContentRole[name=readers,inherit=true,allowForAll=false]
  ContentRole[name=authors,inherit=true,allowForAll=false]
  ContentRole[name=administrators,inherit=true,allowForAll=false]
  ContentRole[name=denyReaders,inherit=false,allowForAll=false]
  ContentRole[name=denyAuthors,inherit=false,allowForAll=false]
  ContentRole[name=denyAdministrators,inherit=false,allowForAll=false]
  securityVector=15:SEC_PUBLIC=true,SEC_CREATOR_ADMIN=false,SEC_INH_ADMIN=true,SEC_INH_EDITOR=true,SEC_INH_VIEWER=true,SEC_ALL_ADMIN=false,SEC_ALL_EDITOR=false,SEC_ALL_VIEWER=false
]
2017-11-28 18:31:54.756 DEBUG content 77075 _a-0000df9d-6819-8000-aae2-01ef9001ef90_45167 Processing reference: ContentRole[name=readers,inherit=true,allowForAll=false]
2017-11-28 18:31:54.756 DEBUG content 77075 _a-0000df9d-6819-8000-aae2-01ef9001ef90_45167 Processing reference: ContentRole[name=authors,inherit=true,allowForAll=false]
2017-11-28 18:31:54.756 DEBUG content 77075 _a-0000df9d-6819-8000-aae2-01ef9001ef90_45167 Processing reference: ContentRole[name=administrators,inherit=true,allowForAll=false]
2017-11-28 18:31:54.756 DEBUG content 77075 _a-0000df9d-6819-8000-aae2-01ef9001ef90_45167 Processing reference: ContentRole[name=denyReaders,inherit=false,allowForAll=false]
2017-11-28 18:31:54.756 DEBUG content 77075 _a-0000df9d-6819-8000-aae2-01ef9001ef90_45167 Processing reference: ContentRole[name=denyAuthors,inherit=false,allowForAll=false]
2017-11-28 18:31:54.756 DEBUG content 77075 _a-0000df9d-6819-8000-aae2-01ef9001ef90_45167 Processing reference: ContentRole[name=denyAdministrators,inherit=false,allowForAll=false]
2017-11-28 18:31:54.756 DEBUG content 77075 _a-0000df9d-6819-8000-aae2-01ef9001ef90_45167 Completing produce.
2017-11-28 18:31:54.756 DEBUG content 77075 _a-0000df9d-6819-8000-aae2-01ef9001ef90_45167 Exporting binary resources.
2017-11-28 18:31:54.756 DEBUG content 77075 _a-0000df9d-6819-8000-aae2-01ef9001ef90_45167 Serializing object to XML.
2017-11-28 18:31:54.757 DEBUG content 77075 _a-0000df9d-6819-8000-aae2-01ef9001ef90_45167 Object transported.
2017-11-28 18:31:54.757 DEBUG content 77076 _a-0000df9d-6819-8000-aae2-01ef9001ef90_45168 Begin transport.
2017-11-28 18:31:54.757 DEBUG content 77076 _a-0000df9d-6819-8000-aae2-01ef9001ef90_45168 Retrieving object data.
2017-11-28 18:31:54.761 DEBUG content 77076 _a-0000df9d-6819-8000-aae2-01ef9001ef90_45168 Setting uuids of object references.
2017-11-28 18:31:54.761 DEBUG content 77076 _a-0000df9d-6819-8000-aae2-01ef9001ef90_45168 Processing reference: [Content:id=77076,versionId=-1,name=SAMPLE_TEST_8,description=SAMPLE_TEST_8,type=32,subtype=0,uuid=_a-0000df9d-6819-8000-aae2-01ef9001ef90_45168,parent=77068,parentName=Sample Folder,parentType=2,log=77076,logName=SAMPLE_TEST_8,state=255,visibility=35,security=15,creator=simranjits,createdTimestamp=2017-11-14 20:58:48.0,updatedTimestamp=2017-11-14 20:58:48.0,size=0,lockedBy=,changesRequireApproval=false,attributes={system=0, hidden=0, ruletype=0, multiple=0, isEnvironmentSpecific=false, value=null, returnType=1},partition=1,partitionName=/usr/local/appian/_admin/accdocs1]
2017-11-28 18:31:54.761 DEBUG content 77076 _a-0000df9d-6819-8000-aae2-01ef9001ef90_45168 Processing reference: Constant.forum
2017-11-28 18:31:54.762 DEBUG content 77076 _a-0000df9d-6819-8000-aae2-01ef9001ef90_45168 Processing reference: Constant.parent
2017-11-28 18:31:54.763 DEBUG content 77076 _a-0000df9d-6819-8000-aae2-01ef9001ef90_45168 Processing reference: com.appiancorp.suiteapi.content.ContentRoleMap@68c08af8[
  ContentRole[name=readers,inherit=true,allowForAll=false]
  ContentRole[name=authors,inherit=true,allowForAll=false]
  ContentRole[name=administrators,inherit=true,allowForAll=false]
  ContentRole[name=denyReaders,inherit=false,allowForAll=false]
  ContentRole[name=denyAuthors,inherit=false,allowForAll=false]
  ContentRole[name=denyAdministrators,inherit=false,allowForAll=false]
  securityVector=15:SEC_PUBLIC=true,SEC_CREATOR_ADMIN=false,SEC_INH_ADMIN=true,SEC_INH_EDITOR=true,SEC_INH_VIEWER=true,SEC_ALL_ADMIN=false,SEC_ALL_EDITOR=false,SEC_ALL_VIEWER=false
]
2017-11-28 18:31:54.763 DEBUG content 77076 _a-0000df9d-6819-8000-aae2-01ef9001ef90_45168 Processing reference: ContentRole[name=readers,inherit=true,allowForAll=false]
2017-11-28 18:31:54.763 DEBUG content 77076 _a-0000df9d-6819-8000-aae2-01ef9001ef90_45168 Processing reference: ContentRole[name=authors,inherit=true,allowForAll=false]
2017-11-28 18:31:54.763 DEBUG content 77076 _a-0000df9d-6819-8000-aae2-01ef9001ef90_45168 Processing reference: ContentRole[name=administrators,inherit=true,allowForAll=false]
2017-11-28 18:31:54.763 DEBUG content 77076 _a-0000df9d-6819-8000-aae2-01ef9001ef90_45168 Processing reference: ContentRole[name=denyReaders,inherit=false,allowForAll=false]
2017-11-28 18:31:54.763 DEBUG content 77076 _a-0000df9d-6819-8000-aae2-01ef9001ef90_45168 Processing reference: ContentRole[name=denyAuthors,inherit=false,allowForAll=false]
2017-11-28 18:31:54.763 DEBUG content 77076 _a-0000df9d-6819-8000-aae2-01ef9001ef90_45168 Processing reference: ContentRole[name=denyAdministrators,inherit=false,allowForAll=false]
2017-11-28 18:31:54.763 DEBUG content 77076 _a-0000df9d-6819-8000-aae2-01ef9001ef90_45168 Completing produce.
2017-11-28 18:31:54.763 DEBUG content 77076 _a-0000df9d-6819-8000-aae2-01ef9001ef90_45168 Exporting binary resources.
2017-11-28 18:31:54.763 DEBUG content 77076 _a-0000df9d-6819-8000-aae2-01ef9001ef90_45168 Serializing object to XML.
2017-11-28 18:31:54.764 DEBUG content 77076 _a-0000df9d-6819-8000-aae2-01ef9001ef90_45168 Object transported.
2017-11-28 18:31:54.764 DEBUG content 77077 _a-0000df9d-6819-8000-aae2-01ef9001ef90_45169 Begin transport.
2017-11-28 18:31:54.764 DEBUG content 77077 _a-0000df9d-6819-8000-aae2-01ef9001ef90_45169 Retrieving object data.
2017-11-28 18:31:54.768 DEBUG content 77077 _a-0000df9d-6819-8000-aae2-01ef9001ef90_45169 Setting uuids of object references.
2017-11-28 18:31:54.768 DEBUG content 77077 _a-0000df9d-6819-8000-aae2-01ef9001ef90_45169 Processing reference: [Content:id=77077,versionId=-1,name=SAMPLE_TEST_9,description=SAMPLE_TEST_9,type=32,subtype=0,uuid=_a-0000df9d-6819-8000-aae2-01ef9001ef90_45169,parent=77068,parentName=Sample Folder,parentType=2,log=77077,logName=SAMPLE_TEST_9,state=255,visibility=35,security=15,creator=simranjits,createdTimestamp=2017-11-14 20:58:48.0,updatedTimestamp=2017-11-14 20:58:48.0,size=0,lockedBy=,changesRequireApproval=false,attributes={system=0, hidden=0, ruletype=0, multiple=0, isEnvironmentSpecific=false, value=null, returnType=1},partition=2,partitionName=/usr/local/appian/_admin/accdocs2]
2017-11-28 18:31:54.768 DEBUG content 77077 _a-0000df9d-6819-8000-aae2-01ef9001ef90_45169 Processing reference: Constant.forum
2017-11-28 18:31:54.768 DEBUG content 77077 _a-0000df9d-6819-8000-aae2-01ef9001ef90_45169 Processing reference: Constant.parent
2017-11-28 18:31:54.769 DEBUG content 77077 _a-0000df9d-6819-8000-aae2-01ef9001ef90_45169 Processing reference: com.appiancorp.suiteapi.content.ContentRoleMap@67b356f6[
  ContentRole[name=readers,inherit=true,allowForAll=false]
  ContentRole[name=authors,inherit=true,allowForAll=false]
  ContentRole[name=administrators,inherit=true,allowForAll=false]
  ContentRole[name=denyReaders,inherit=false,allowForAll=false]
  ContentRole[name=denyAuthors,inherit=false,allowForAll=false]
  ContentRole[name=denyAdministrators,inherit=false,allowForAll=false]
  securityVector=15:SEC_PUBLIC=true,SEC_CREATOR_ADMIN=false,SEC_INH_ADMIN=true,SEC_INH_EDITOR=true,SEC_INH_VIEWER=true,SEC_ALL_ADMIN=false,SEC_ALL_EDITOR=false,SEC_ALL_VIEWER=false
]
2017-11-28 18:31:54.769 DEBUG content 77077 _a-0000df9d-6819-8000-aae2-01ef9001ef90_45169 Processing reference: ContentRole[name=readers,inherit=true,allowForAll=false]
2017-11-28 18:31:54.769 DEBUG content 77077 _a-0000df9d-6819-8000-aae2-01ef9001ef90_45169 Processing reference: ContentRole[name=authors,inherit=true,allowForAll=false]
2017-11-28 18:31:54.769 DEBUG content 77077 _a-0000df9d-6819-8000-aae2-01ef9001ef90_45169 Processing reference: ContentRole[name=administrators,inherit=true,allowForAll=false]
2017-11-28 18:31:54.769 DEBUG content 77077 _a-0000df9d-6819-8000-aae2-01ef9001ef90_45169 Processing reference: ContentRole[name=denyReaders,inherit=false,allowForAll=false]
2017-11-28 18:31:54.769 DEBUG content 77077 _a-0000df9d-6819-8000-aae2-01ef9001ef90_45169 Processing reference: ContentRole[name=denyAuthors,inherit=false,allowForAll=false]
2017-11-28 18:31:54.769 DEBUG content 77077 _a-0000df9d-6819-8000-aae2-01ef9001ef90_45169 Processing reference: ContentRole[name=denyAdministrators,inherit=false,allowForAll=false]
2017-11-28 18:31:54.769 DEBUG content 77077 _a-0000df9d-6819-8000-aae2-01ef9001ef90_45169 Completing produce.
2017-11-28 18:31:54.769 DEBUG content 77077 _a-0000df9d-6819-8000-aae2-01ef9001ef90_45169 Exporting binary resources.
2017-11-28 18:31:54.769 DEBUG content 77077 _a-0000df9d-6819-8000-aae2-01ef9001ef90_45169 Serializing object to XML.
2017-11-28 18:31:54.77 DEBUG content 77077 _a-0000df9d-6819-8000-aae2-01ef9001ef90_45169 Object transported.
2017-11-28 18:31:54.77 DEBUG content 77421 _a-0000df9d-6819-8000-aae2-01ef9001ef90_45170 Begin transport.
2017-11-28 18:31:54.77 DEBUG content 77421 _a-0000df9d-6819-8000-aae2-01ef9001ef90_45170 Retrieving object data.
2017-11-28 18:31:54.774 DEBUG content 77421 _a-0000df9d-6819-8000-aae2-01ef9001ef90_45170 Setting uuids of object references.
2017-11-28 18:31:54.774 DEBUG content 77421 _a-0000df9d-6819-8000-aae2-01ef9001ef90_45170 Processing reference: [Content:id=77078,versionId=-1,name=SAMPLE_TEST_10,description=SAMPLE_TEST_10,type=32,subtype=0,uuid=_a-0000df9d-6819-8000-aae2-01ef9001ef90_45170,parent=77068,parentName=Sample Folder,parentType=2,log=77421,logName=SAMPLE_TEST_10,state=255,visibility=35,security=15,creator=kiranj,createdTimestamp=2017-11-17 17:46:21.0,updatedTimestamp=2017-11-17 17:46:21.0,size=0,lockedBy=,changesRequireApproval=false,attributes={system=0, hidden=0, ruletype=0, multiple=0, isEnvironmentSpecific=false, value=1928, returnType=1},partition=3,partitionName=/usr/local/appian/_admin/accdocs3]
2017-11-28 18:31:54.774 DEBUG content 77421 _a-0000df9d-6819-8000-aae2-01ef9001ef90_45170 Processing reference: Constant.forum
2017-11-28 18:31:54.775 DEBUG content 77421 _a-0000df9d-6819-8000-aae2-01ef9001ef90_45170 Processing reference: Constant.parent
2017-11-28 18:31:54.776 DEBUG content 77421 _a-0000df9d-6819-8000-aae2-01ef9001ef90_45170 Processing reference: com.appiancorp.suiteapi.content.ContentRoleMap@2d2ddd2b[
  ContentRole[name=readers,inherit=true,allowForAll=false]
  ContentRole[name=authors,inherit=true,allowForAll=false]
  ContentRole[name=administrators,inherit=true,allowForAll=false]
  ContentRole[name=denyReaders,inherit=false,allowForAll=false]
  ContentRole[name=denyAuthors,inherit=false,allowForAll=false]
  ContentRole[name=denyAdministrators,inherit=false,allowForAll=false]
  securityVector=15:SEC_PUBLIC=true,SEC_CREATOR_ADMIN=false,SEC_INH_ADMIN=true,SEC_INH_EDITOR=true,SEC_INH_VIEWER=true,SEC_ALL_ADMIN=false,SEC_ALL_EDITOR=false,SEC_ALL_VIEWER=false
]
2017-11-28 18:31:54.776 DEBUG content 77421 _a-0000df9d-6819-8000-aae2-01ef9001ef90_45170 Processing reference: ContentRole[name=readers,inherit=true,allowForAll=false]
2017-11-28 18:31:54.776 DEBUG content 77421 _a-0000df9d-6819-8000-aae2-01ef9001ef90_45170 Processing reference: ContentRole[name=authors,inherit=true,allowForAll=false]
2017-11-28 18:31:54.776 DEBUG content 77421 _a-0000df9d-6819-8000-aae2-01ef9001ef90_45170 Processing reference: ContentRole[name=administrators,inherit=true,allowForAll=false]
2017-11-28 18:31:54.776 DEBUG content 77421 _a-0000df9d-6819-8000-aae2-01ef9001ef90_45170 Processing reference: ContentRole[name=denyReaders,inherit=false,allowForAll=false]
2017-11-28 18:31:54.776 DEBUG content 77421 _a-0000df9d-6819-8000-aae2-01ef9001ef90_45170 Processing reference: ContentRole[name=denyAuthors,inherit=false,allowForAll=false]
2017-11-28 18:31:54.776 DEBUG content 77421 _a-0000df9d-6819-8000-aae2-01ef9001ef90_45170 Processing reference: ContentRole[name=denyAdministrators,inherit=false,allowForAll=false]
2017-11-28 18:31:54.776 DEBUG content 77421 _a-0000df9d-6819-8000-aae2-01ef9001ef90_45170 Completing produce.
2017-11-28 18:31:54.776 DEBUG content 77421 _a-0000df9d-6819-8000-aae2-01ef9001ef90_45170 Exporting binary resources.
2017-11-28 18:31:54.776 DEBUG content 77421 _a-0000df9d-6819-8000-aae2-01ef9001ef90_45170 Serializing object to XML.
2017-11-28 18:31:54.777 DEBUG content 77421 _a-0000df9d-6819-8000-aae2-01ef9001ef90_45170 Object transported.
2017-11-28 18:31:54.777 DEBUG content 77870 _a-0000deea-a4a7-8000-3457-01ef9001ef90_84980 Begin transport.
2017-11-28 18:31:54.777 DEBUG content 77870 _a-0000deea-a4a7-8000-3457-01ef9001ef90_84980 Retrieving object data.
2017-11-28 18:31:54.781 DEBUG content 77870 _a-0000deea-a4a7-8000-3457-01ef9001ef90_84980 Setting uuids of object references.
2017-11-28 18:31:54.781 DEBUG content 77870 _a-0000deea-a4a7-8000-3457-01ef9001ef90_84980 Processing reference: [Content:id=77870,versionId=-1,name=SAMPLE_NAME,description=,type=32,subtype=0,uuid=_a-0000deea-a4a7-8000-3457-01ef9001ef90_84980,parent=77068,parentName=Sample Folder,parentType=2,log=77870,logName=SAMPLE_NAME,state=255,visibility=35,security=15,creator=simranjits,createdTimestamp=2017-11-27 20:18:17.0,updatedTimestamp=2017-11-27 20:18:17.0,size=0,lockedBy=,changesRequireApproval=false,attributes={system=0, hidden=0, ruletype=0, multiple=0, isEnvironmentSpecific=false, value=2, returnType=1},partition=1,partitionName=/usr/local/appian/_admin/accdocs1]
2017-11-28 18:31:54.781 DEBUG content 77870 _a-0000deea-a4a7-8000-3457-01ef9001ef90_84980 Processing reference: Constant.forum
2017-11-28 18:31:54.781 DEBUG content 77870 _a-0000deea-a4a7-8000-3457-01ef9001ef90_84980 Processing reference: Constant.parent
2017-11-28 18:31:54.782 DEBUG content 77870 _a-0000deea-a4a7-8000-3457-01ef9001ef90_84980 Processing reference: com.appiancorp.suiteapi.content.ContentRoleMap@19f93086[
  ContentRole[name=readers,inherit=true,allowForAll=false]
  ContentRole[name=authors,inherit=true,allowForAll=false]
  ContentRole[name=administrators,inherit=true,allowForAll=false]
  ContentRole[name=denyReaders,inherit=false,allowForAll=false]
  ContentRole[name=denyAuthors,inherit=false,allowForAll=false]
  ContentRole[name=denyAdministrators,inherit=false,allowForAll=false]
  securityVector=15:SEC_PUBLIC=true,SEC_CREATOR_ADMIN=false,SEC_INH_ADMIN=true,SEC_INH_EDITOR=true,SEC_INH_VIEWER=true,SEC_ALL_ADMIN=false,SEC_ALL_EDITOR=false,SEC_ALL_VIEWER=false
]
2017-11-28 18:31:54.782 DEBUG content 77870 _a-0000deea-a4a7-8000-3457-01ef9001ef90_84980 Processing reference: ContentRole[name=readers,inherit=true,allowForAll=false]
2017-11-28 18:31:54.782 DEBUG content 77870 _a-0000deea-a4a7-8000-3457-01ef9001ef90_84980 Processing reference: ContentRole[name=authors,inherit=true,allowForAll=false]
2017-11-28 18:31:54.782 DEBUG content 77870 _a-0000deea-a4a7-8000-3457-01ef9001ef90_84980 Processing reference: ContentRole[name=administrators,inherit=true,allowForAll=false]
2017-11-28 18:31:54.782 DEBUG content 77870 _a-0000deea-a4a7-8000-3457-01ef9001ef90_84980 Processing reference: ContentRole[name=denyReaders,inherit=false,allowForAll=false]
2017-11-28 18:31:54.782 DEBUG content 77870 _a-0000deea-a4a7-8000-3457-01ef9001ef90_84980 Processing reference: ContentRole[name=denyAuthors,inherit=false,allowForAll=false]
2017-11-28 18:31:54.782 DEBUG content 77870 _a-0000deea-a4a7-8000-3457-01ef9001ef90_84980 Processing reference: ContentRole[name=denyAdministrators,inherit=false,allowForAll=false]
2017-11-28 18:31:54.782 DEBUG content 77870 _a-0000deea-a4a7-8000-3457-01ef9001ef90_84980 Completing produce.
2017-11-28 18:31:54.782 DEBUG content 77870 _a-0000deea-a4a7-8000-3457-01ef9001ef90_84980 Exporting binary resources.
2017-11-28 18:31:54.782 DEBUG content 77870 _a-0000deea-a4a7-8000-3457-01ef9001ef90_84980 Serializing object to XML.
2017-11-28 18:31:54.783 DEBUG content 77870 _a-0000deea-a4a7-8000-3457-01ef9001ef90_84980 Object transported.
2017-11-28 18:31:54.784 DEBUG processModelFolder 68 _g-0000df9d-6819-8000-aae2-014d98014d98_109 Begin transport.
2017-11-28 18:31:54.784 DEBUG processModelFolder 68 _g-0000df9d-6819-8000-aae2-014d98014d98_109 Retrieving object data.
2017-11-28 18:31:54.786 DEBUG processModelFolder 68 _g-0000df9d-6819-8000-aae2-014d98014d98_109 Setting uuids of object references.
2017-11-28 18:31:54.786 DEBUG processModelFolder 68 _g-0000df9d-6819-8000-aae2-014d98014d98_109 Processing reference: ProcessModelFolder.parentFolderId
2017-11-28 18:31:54.787 DEBUG processModelFolder 68 _g-0000df9d-6819-8000-aae2-014d98014d98_109 Processing reference: com.appiancorp.suiteapi.process.ProcessRoleMap@5474af92[
  Role[name=ADMIN_OWNER]
  Role[name=EDITOR]
  Role[name=EXPLICIT_NONMEMBER]
  Role[name=VIEWER]
  Role[name=MANAGER]
  Role[name=INITIATOR]
]
2017-11-28 18:31:54.787 DEBUG processModelFolder 68 _g-0000df9d-6819-8000-aae2-014d98014d98_109 Processing reference: Role[name=ADMIN_OWNER]
2017-11-28 18:31:54.787 DEBUG processModelFolder 68 _g-0000df9d-6819-8000-aae2-014d98014d98_109 Processing reference: Role[name=EDITOR]
2017-11-28 18:31:54.787 DEBUG processModelFolder 68 _g-0000df9d-6819-8000-aae2-014d98014d98_109 Processing reference: Role[name=EXPLICIT_NONMEMBER]
2017-11-28 18:31:54.787 DEBUG processModelFolder 68 _g-0000df9d-6819-8000-aae2-014d98014d98_109 Processing reference: Role[name=VIEWER]
2017-11-28 18:31:54.787 DEBUG processModelFolder 68 _g-0000df9d-6819-8000-aae2-014d98014d98_109 Processing reference: Role[name=MANAGER]
2017-11-28 18:31:54.787 DEBUG processModelFolder 68 _g-0000df9d-6819-8000-aae2-014d98014d98_109 Processing reference: Role[name=INITIATOR]
2017-11-28 18:31:54.788 DEBUG processModelFolder 68 _g-0000df9d-6819-8000-aae2-014d98014d98_109 Completing produce.
2017-11-28 18:31:54.788 DEBUG processModelFolder 68 _g-0000df9d-6819-8000-aae2-014d98014d98_109 Exporting binary resources.
2017-11-28 18:31:54.788 DEBUG processModelFolder 68 _g-0000df9d-6819-8000-aae2-014d98014d98_109 Serializing object to XML.
2017-11-28 18:31:54.788 DEBUG processModelFolder 68 _g-0000df9d-6819-8000-aae2-014d98014d98_109 Object transported.
2017-11-28 18:31:54.788 DEBUG processModelFolder 69 _g-0000df9d-6819-8000-aae2-014d98014d98_110 Begin transport.
2017-11-28 18:31:54.788 DEBUG processModelFolder 69 _g-0000df9d-6819-8000-aae2-014d98014d98_110 Retrieving object data.
2017-11-28 18:31:54.79 DEBUG processModelFolder 69 _g-0000df9d-6819-8000-aae2-014d98014d98_110 Setting uuids of object references.
2017-11-28 18:31:54.79 DEBUG processModelFolder 69 _g-0000df9d-6819-8000-aae2-014d98014d98_110 Processing reference: ProcessModelFolder.parentFolderId
2017-11-28 18:31:54.791 DEBUG processModelFolder 69 _g-0000df9d-6819-8000-aae2-014d98014d98_110 Processing reference: com.appiancorp.suiteapi.process.ProcessRoleMap@52b13580[
  Role[name=ADMIN_OWNER]
  Role[name=EDITOR]
  Role[name=EXPLICIT_NONMEMBER]
  Role[name=VIEWER]
  Role[name=MANAGER]
  Role[name=INITIATOR]
]
2017-11-28 18:31:54.791 DEBUG processModelFolder 69 _g-0000df9d-6819-8000-aae2-014d98014d98_110 Processing reference: Role[name=ADMIN_OWNER]
2017-11-28 18:31:54.791 DEBUG processModelFolder 69 _g-0000df9d-6819-8000-aae2-014d98014d98_110 Processing reference: Role[name=EDITOR]
2017-11-28 18:31:54.791 DEBUG processModelFolder 69 _g-0000df9d-6819-8000-aae2-014d98014d98_110 Processing reference: Role[name=EXPLICIT_NONMEMBER]
2017-11-28 18:31:54.791 DEBUG processModelFolder 69 _g-0000df9d-6819-8000-aae2-014d98014d98_110 Processing reference: Role[name=VIEWER]
2017-11-28 18:31:54.791 DEBUG processModelFolder 69 _g-0000df9d-6819-8000-aae2-014d98014d98_110 Processing reference: Role[name=MANAGER]
2017-11-28 18:31:54.791 DEBUG processModelFolder 69 _g-0000df9d-6819-8000-aae2-014d98014d98_110 Processing reference: Role[name=INITIATOR]
2017-11-28 18:31:54.791 DEBUG processModelFolder 69 _g-0000df9d-6819-8000-aae2-014d98014d98_110 Completing produce.
2017-11-28 18:31:54.791 DEBUG processModelFolder 69 _g-0000df9d-6819-8000-aae2-014d98014d98_110 Exporting binary resources.
2017-11-28 18:31:54.791 DEBUG processModelFolder 69 _g-0000df9d-6819-8000-aae2-014d98014d98_110 Serializing object to XML.
2017-11-28 18:31:54.791 DEBUG processModelFolder 69 _g-0000df9d-6819-8000-aae2-014d98014d98_110 Object transported.
2017-11-28 18:31:54.792 DEBUG processModel 4486 0002dfbf-a081-8000-aae2-014d98014d98 Begin transport.
2017-11-28 18:31:54.792 DEBUG processModel 4486 0002dfbf-a081-8000-aae2-014d98014d98 Retrieving object data.
2017-11-28 18:31:54.805 DEBUG processModel 4486 0002dfbf-a081-8000-aae2-014d98014d98 Setting uuids of object references.
2017-11-28 18:31:54.805 DEBUG processModel 4486 0002dfbf-a081-8000-aae2-014d98014d98 Processing reference: ProcessModelHaul.folderId
2017-11-28 18:31:54.806 DEBUG processModel 4486 0002dfbf-a081-8000-aae2-014d98014d98 Processing reference: ProcessModelHaul.modelDashboardPageId
2017-11-28 18:31:54.806 DEBUG processModel 4486 0002dfbf-a081-8000-aae2-014d98014d98 Processing reference: ProcessModelHaul.processDashboardPageId
2017-11-28 18:31:54.806 DEBUG processModel 4486 0002dfbf-a081-8000-aae2-014d98014d98 Processing reference: ProcessModel.emailAttachmentFolderId
2017-11-28 18:31:54.809 DEBUG processModel 4486 0002dfbf-a081-8000-aae2-014d98014d98 Processing reference: ActivityClassParameter[name=pmID,it=23,v=<null>]
2017-11-28 18:31:54.809 DEBUG processModel 4486 0002dfbf-a081-8000-aae2-014d98014d98 Processing reference: ActivityClassParameter[name=inMap,it=111,v={}]
2017-11-28 18:31:54.809 DEBUG processModel 4486 0002dfbf-a081-8000-aae2-014d98014d98 Processing reference: ActivityClassParameter[name=procInheritsPriority,it=1,v=1]
2017-11-28 18:31:54.809 DEBUG processModel 4486 0002dfbf-a081-8000-aae2-014d98014d98 Processing reference: ActivityClassParameter[name=pmUUID,it=3,v=]
2017-11-28 18:31:54.809 DEBUG processModel 4486 0002dfbf-a081-8000-aae2-014d98014d98 Processing reference: ActivityClassParameter[name=isAsynchronous,it=26,v=1]
2017-11-28 18:31:54.809 DEBUG processModel 4486 0002dfbf-a081-8000-aae2-014d98014d98 Processing reference: ActivityClassParameter[name=isTransparent,it=26,v=1]
2017-11-28 18:31:54.809 DEBUG processModel 4486 0002dfbf-a081-8000-aae2-014d98014d98 Processing reference: ActivityClassParameter[name=inheritSecurity,it=26,v=0]
2017-11-28 18:31:54.81 DEBUG processModel 4486 0002dfbf-a081-8000-aae2-014d98014d98 Processing reference: com.appiancorp.suiteapi.process.ProcessRoleMap@1ba4d80e[
  Role[name=ADMIN_OWNER]
  Role[name=EDITOR]
  Role[name=EXPLICIT_NONMEMBER]
  Role[name=VIEWER]
  Role[name=MANAGER]
  Role[name=INITIATOR]
]
2017-11-28 18:31:54.81 DEBUG processModel 4486 0002dfbf-a081-8000-aae2-014d98014d98 Processing reference: Role[name=ADMIN_OWNER]
2017-11-28 18:31:54.81 DEBUG processModel 4486 0002dfbf-a081-8000-aae2-014d98014d98 Processing reference: Role[name=EDITOR]
2017-11-28 18:31:54.81 DEBUG processModel 4486 0002dfbf-a081-8000-aae2-014d98014d98 Processing reference: Role[name=EXPLICIT_NONMEMBER]
2017-11-28 18:31:54.81 DEBUG processModel 4486 0002dfbf-a081-8000-aae2-014d98014d98 Processing reference: Role[name=VIEWER]
2017-11-28 18:31:54.81 DEBUG processModel 4486 0002dfbf-a081-8000-aae2-014d98014d98 Processing reference: Role[name=MANAGER]
2017-11-28 18:31:54.81 DEBUG processModel 4486 0002dfbf-a081-8000-aae2-014d98014d98 Processing reference: Role[name=INITIATOR]
2017-11-28 18:31:54.81 DEBUG processModel 4486 0002dfbf-a081-8000-aae2-014d98014d98 Completing produce.
2017-11-28 18:31:54.81 DEBUG processModel 4486 0002dfbf-a081-8000-aae2-014d98014d98 Exporting binary resources.
2017-11-28 18:31:54.81 DEBUG processModel 4486 0002dfbf-a081-8000-aae2-014d98014d98 Serializing object to XML.
2017-11-28 18:31:54.814 DEBUG processModel 4486 0002dfbf-a081-8000-aae2-014d98014d98 Object transported.
2017-11-28 18:31:54.814 DEBUG application 77079 _a-0000df9d-6819-8000-aae2-01ef9001ef90_45159 Completing produce.
2017-11-28 18:31:54.814 DEBUG application 77079 _a-0000df9d-6819-8000-aae2-01ef9001ef90_45159 Exporting binary resources.
2017-11-28 18:31:54.814 DEBUG application 77079 _a-0000df9d-6819-8000-aae2-01ef9001ef90_45159 Serializing object to XML.
2017-11-28 18:31:54.814 DEBUG application 77079 _a-0000df9d-6819-8000-aae2-01ef9001ef90_45159 Object transported.
